{
  "stats": {
    "suites": 1,
    "tests": 2,
    "passes": 2,
    "pending": 0,
    "failures": 0,
    "start": "2024-06-17T10:23:29.271Z",
    "end": "2024-06-17T10:23:46.565Z",
    "duration": 17294,
    "testsRegistered": 2,
    "passPercent": 100,
    "pendingPercent": 0,
    "other": 0,
    "hasOther": false,
    "skipped": 0,
    "hasSkipped": false
  },
  "results": [
    {
      "uuid": "2b842d44-84fc-4a64-ac8d-d99f7817fadd",
      "title": "",
      "fullFile": "cypress\\e2e\\dropdowns.cy.js",
      "file": "cypress\\e2e\\dropdowns.cy.js",
      "beforeHooks": [],
      "afterHooks": [],
      "tests": [],
      "suites": [
        {
          "uuid": "e644a426-a82c-4bd7-9e88-d9675d296059",
          "title": "static dropdown",
          "fullFile": "",
          "file": "",
          "beforeHooks": [],
          "afterHooks": [],
          "tests": [
            {
              "title": "Dropdown with select",
              "fullTitle": "static dropdown Dropdown with select",
              "timedOut": null,
              "duration": 4449,
              "state": "passed",
              "speed": "fast",
              "pass": true,
              "fail": false,
              "pending": false,
              "context": null,
              "code": "cy.visit('https://www.zoho.com/commerce/free-demo.html');\ncy.get('#zcf_address_country').select('France').should('have.value', 'France');\n//.should('have.text', 'France') //failed",
              "err": {},
              "uuid": "e45a60e9-abbd-4db2-80aa-895d71f45ac6",
              "parentUUID": "e644a426-a82c-4bd7-9e88-d9675d296059",
              "isHook": false,
              "skipped": false
            },
            {
              "title": "Dynamic dropdown",
              "fullTitle": "static dropdown Dynamic dropdown",
              "timedOut": null,
              "duration": 8048,
              "state": "passed",
              "speed": "medium",
              "pass": true,
              "fail": false,
              "pending": false,
              "context": null,
              "code": "cy.visit('https://www.google.com/');\ncy.get(\"#APjFqb\").type('cypress automation');\ncy.wait(3000);\ncy.get('div.wM6W7d>span').should('have.length', 13);\ncy.get(\"div.wM6W7d>span\").each(($el, index, $list) => {\n  if ($el.text() == 'cypress automation') {\n    cy.wrap($el).click();\n  }\n});\ncy.get(\"#APjFqb\").should(\"have.value\", \"cypress automation\");",
              "err": {},
              "uuid": "74acc858-ab79-4382-9e8b-466e44f228b0",
              "parentUUID": "e644a426-a82c-4bd7-9e88-d9675d296059",
              "isHook": false,
              "skipped": false
            }
          ],
          "suites": [],
          "passes": [
            "e45a60e9-abbd-4db2-80aa-895d71f45ac6",
            "74acc858-ab79-4382-9e8b-466e44f228b0"
          ],
          "failures": [],
          "pending": [],
          "skipped": [],
          "duration": 12497,
          "root": false,
          "rootEmpty": false,
          "_timeout": 2000
        }
      ],
      "passes": [],
      "failures": [],
      "pending": [],
      "skipped": [],
      "duration": 0,
      "root": true,
      "rootEmpty": true,
      "_timeout": 2000
    }
  ],
  "meta": {
    "mocha": {
      "version": "7.0.1"
    },
    "mochawesome": {
      "options": {
        "quiet": false,
        "reportFilename": "mochawesome",
        "saveHtml": true,
        "saveJson": true,
        "consoleReporter": "spec",
        "useInlineDiffs": false,
        "code": true
      },
      "version": "7.1.3"
    },
    "marge": {
      "options": {
        "reportDir": "cypress/reports/mochawesome",
        "overwrite": false,
        "html": true,
        "json": true
      },
      "version": "6.2.0"
    }
  }
}