{
  "stats": {
    "suites": 1,
    "tests": 2,
    "passes": 2,
    "pending": 0,
    "failures": 0,
    "start": "2024-06-17T10:22:48.079Z",
    "end": "2024-06-17T10:23:06.685Z",
    "duration": 18606,
    "testsRegistered": 2,
    "passPercent": 100,
    "pendingPercent": 0,
    "other": 0,
    "hasOther": false,
    "skipped": 0,
    "hasSkipped": false
  },
  "results": [
    {
      "uuid": "1bdd6b82-b281-4c17-adc7-cfec0d25c3d4",
      "title": "",
      "fullFile": "cypress\\e2e\\Tabs.cy.js",
      "file": "cypress\\e2e\\Tabs.cy.js",
      "beforeHooks": [],
      "afterHooks": [],
      "tests": [],
      "suites": [
        {
          "uuid": "a1b76d32-08f7-40bf-afe2-ae833b472001",
          "title": "appraoch1",
          "fullFile": "",
          "file": "",
          "beforeHooks": [],
          "afterHooks": [],
          "tests": [
            {
              "title": "approach1",
              "fullTitle": "appraoch1 approach1",
              "timedOut": null,
              "duration": 9066,
              "state": "passed",
              "speed": "medium",
              "pass": true,
              "fail": false,
              "pending": false,
              "context": null,
              "code": "// url launch\ncy.visit(\"https://the-internet.herokuapp.com/windows\");\n// delete target attribute with invoke for link\ncy.get('.example > a').invoke('removeAttr', 'target').click();\n// verify tab url\ncy.url().should('include', 'https://the-internet.herokuapp.com/windows/new');\n// shift to parent window\ncy.wait(5000);\ncy.go('back');",
              "err": {},
              "uuid": "07d9a689-50b9-4bf9-a4a8-ab2ceedc455a",
              "parentUUID": "a1b76d32-08f7-40bf-afe2-ae833b472001",
              "isHook": false,
              "skipped": false
            },
            {
              "title": "appraoch2",
              "fullTitle": "appraoch1 appraoch2",
              "timedOut": null,
              "duration": 5985,
              "state": "passed",
              "speed": "medium",
              "pass": true,
              "fail": false,
              "pending": false,
              "context": null,
              "code": "// url launch\ncy.visit(\"https://the-internet.herokuapp.com/windows\");\ncy.get('.example > a').then(e => {\n  let url = e.prop('href');\n  cy.log(url);\n  cy.visit(url);\n});\ncy.url().should('include', 'https://the-internet.herokuapp.com/windows/new');\n// shift to parent window\ncy.wait(5000);\ncy.go('back');",
              "err": {},
              "uuid": "241e0806-9af6-44aa-808b-dab2cb90da1f",
              "parentUUID": "a1b76d32-08f7-40bf-afe2-ae833b472001",
              "isHook": false,
              "skipped": false
            }
          ],
          "suites": [],
          "passes": [
            "07d9a689-50b9-4bf9-a4a8-ab2ceedc455a",
            "241e0806-9af6-44aa-808b-dab2cb90da1f"
          ],
          "failures": [],
          "pending": [],
          "skipped": [],
          "duration": 15051,
          "root": false,
          "rootEmpty": false,
          "_timeout": 2000
        }
      ],
      "passes": [],
      "failures": [],
      "pending": [],
      "skipped": [],
      "duration": 0,
      "root": true,
      "rootEmpty": true,
      "_timeout": 2000
    }
  ],
  "meta": {
    "mocha": {
      "version": "7.0.1"
    },
    "mochawesome": {
      "options": {
        "quiet": false,
        "reportFilename": "mochawesome",
        "saveHtml": true,
        "saveJson": true,
        "consoleReporter": "spec",
        "useInlineDiffs": false,
        "code": true
      },
      "version": "7.1.3"
    },
    "marge": {
      "options": {
        "reportDir": "cypress/reports/mochawesome",
        "overwrite": false,
        "html": true,
        "json": true
      },
      "version": "6.2.0"
    }
  }
}