{
  "stats": {
    "suites": 1,
    "tests": 2,
    "passes": 2,
    "pending": 0,
    "failures": 0,
    "start": "2024-06-17T10:22:38.131Z",
    "end": "2024-06-17T10:22:46.115Z",
    "duration": 7984,
    "testsRegistered": 2,
    "passPercent": 100,
    "pendingPercent": 0,
    "other": 0,
    "hasOther": false,
    "skipped": 0,
    "hasSkipped": false
  },
  "results": [
    {
      "uuid": "e3a46f06-3459-43bd-9b72-63b3c1d2a89d",
      "title": "",
      "fullFile": "cypress\\e2e\\Frames.cy.js",
      "file": "cypress\\e2e\\Frames.cy.js",
      "beforeHooks": [],
      "afterHooks": [],
      "tests": [],
      "suites": [
        {
          "uuid": "bb187ebb-a66d-41ca-8414-4def03d05644",
          "title": "handeling frames",
          "fullFile": "",
          "file": "",
          "beforeHooks": [],
          "afterHooks": [],
          "tests": [
            {
              "title": "approch1",
              "fullTitle": "handeling frames approch1",
              "timedOut": null,
              "duration": 3754,
              "state": "passed",
              "speed": "fast",
              "pass": true,
              "fail": false,
              "pending": false,
              "context": null,
              "code": "cy.visit(\"https://letcode.in/frame\");\nconst iframe = cy.get(\"[id='firstFr']\").its(\"0.contentDocument.body\").should(\"be.visible\").then(cy.wrap);\niframe.xpath(\"//input[@name='fname']\").type(\"Dinesh\");\niframe.xpath(\"//input[@name='lname']\").type(\"Kolati\");",
              "err": {},
              "uuid": "84f1b438-0a8a-43d0-8b99-6e2255b38019",
              "parentUUID": "bb187ebb-a66d-41ca-8414-4def03d05644",
              "isHook": false,
              "skipped": false
            },
            {
              "title": "approch2",
              "fullTitle": "handeling frames approch2",
              "timedOut": null,
              "duration": 2308,
              "state": "passed",
              "speed": "fast",
              "pass": true,
              "fail": false,
              "pending": false,
              "context": null,
              "code": "cy.visit(\"https://letcode.in/frame\");\nconst iframe = cy.getIframe(\"[id='firstFr']\");\niframe.xpath(\"//div[@class='container has-text-centered mb-4 has-background-white mt-6']\").xpath(\"//input[@placeholder='Enter email']\").type(\"dinesh.kolati@gmail.com\");",
              "err": {},
              "uuid": "1c95a6d2-a770-4c31-ba3b-1fecf4de22f6",
              "parentUUID": "bb187ebb-a66d-41ca-8414-4def03d05644",
              "isHook": false,
              "skipped": false
            }
          ],
          "suites": [],
          "passes": [
            "84f1b438-0a8a-43d0-8b99-6e2255b38019",
            "1c95a6d2-a770-4c31-ba3b-1fecf4de22f6"
          ],
          "failures": [],
          "pending": [],
          "skipped": [],
          "duration": 6062,
          "root": false,
          "rootEmpty": false,
          "_timeout": 2000
        }
      ],
      "passes": [],
      "failures": [],
      "pending": [],
      "skipped": [],
      "duration": 0,
      "root": true,
      "rootEmpty": true,
      "_timeout": 2000
    }
  ],
  "meta": {
    "mocha": {
      "version": "7.0.1"
    },
    "mochawesome": {
      "options": {
        "quiet": false,
        "reportFilename": "mochawesome",
        "saveHtml": true,
        "saveJson": true,
        "consoleReporter": "spec",
        "useInlineDiffs": false,
        "code": true
      },
      "version": "7.1.3"
    },
    "marge": {
      "options": {
        "reportDir": "cypress/reports/mochawesome",
        "overwrite": false,
        "html": true,
        "json": true
      },
      "version": "6.2.0"
    }
  }
}