{
  "stats": {
    "suites": 1,
    "tests": 1,
    "passes": 1,
    "pending": 0,
    "failures": 0,
    "start": "2024-06-17T10:23:23.833Z",
    "end": "2024-06-17T10:23:27.525Z",
    "duration": 3692,
    "testsRegistered": 1,
    "passPercent": 100,
    "pendingPercent": 0,
    "other": 0,
    "hasOther": false,
    "skipped": 0,
    "hasSkipped": false
  },
  "results": [
    {
      "uuid": "bad4a521-5805-474e-ab4d-989d0a8ef41d",
      "title": "",
      "fullFile": "cypress\\e2e\\cssselectors.cy.js",
      "file": "cypress\\e2e\\cssselectors.cy.js",
      "beforeHooks": [],
      "afterHooks": [],
      "tests": [],
      "suites": [
        {
          "uuid": "245dda77-88f3-4f26-9c65-df109ee4d165",
          "title": "Css Selector",
          "fullFile": "",
          "file": "",
          "beforeHooks": [],
          "afterHooks": [],
          "tests": [
            {
              "title": "css",
              "fullTitle": "Css Selector css",
              "timedOut": null,
              "duration": 2286,
              "state": "passed",
              "speed": "fast",
              "pass": true,
              "fail": false,
              "pending": false,
              "context": null,
              "code": "cy.visit(\"https://letcode.in/edit\");\ncy.get(\"[placeholder='Enter first & last name']\").type(\"testing script\");\n// cy.get(\"join\").click();\ncy.xpath(\"//input[@id='fullName']\").type(\" again\");",
              "err": {},
              "uuid": "6310a948-92ef-4813-84d0-6e8e47f59e4c",
              "parentUUID": "245dda77-88f3-4f26-9c65-df109ee4d165",
              "isHook": false,
              "skipped": false
            }
          ],
          "suites": [],
          "passes": [
            "6310a948-92ef-4813-84d0-6e8e47f59e4c"
          ],
          "failures": [],
          "pending": [],
          "skipped": [],
          "duration": 2286,
          "root": false,
          "rootEmpty": false,
          "_timeout": 2000
        }
      ],
      "passes": [],
      "failures": [],
      "pending": [],
      "skipped": [],
      "duration": 0,
      "root": true,
      "rootEmpty": true,
      "_timeout": 2000
    }
  ],
  "meta": {
    "mocha": {
      "version": "7.0.1"
    },
    "mochawesome": {
      "options": {
        "quiet": false,
        "reportFilename": "mochawesome",
        "saveHtml": true,
        "saveJson": true,
        "consoleReporter": "spec",
        "useInlineDiffs": false,
        "code": true
      },
      "version": "7.1.3"
    },
    "marge": {
      "options": {
        "reportDir": "cypress/reports/mochawesome",
        "overwrite": false,
        "html": true,
        "json": true
      },
      "version": "6.2.0"
    }
  }
}